2022-07-23 23:07:48,336 INFO  [Log] searchBook() is Successfull! 
2022-07-23 23:07:49,591 INFO  [Log] selectBook() is Successfull! 
2022-07-23 23:07:51,805 ERROR [Log] addBook() is Fail! --- Book count did not increase! ==> expected: <true> but was: <false> 
2022-07-23 23:07:53,902 ERROR [Log] goToBasket() is Fail! --- no such element: Unable to locate element: {"method":"css selector","selector":"#js\-cart"}
  (Session info: chrome=103.0.5060.134)
For documentation on this error, please visit: https://selenium.dev/exceptions/#no_such_element
Build info: version: '4.3.0', revision: 'a4995e2c09*'
System info: host: 'DESKTOP-I1ODVGB', ip: '192.168.1.42', os.name: 'Windows 10', os.arch: 'amd64', os.version: '10.0', java.version: '18.0.2'
Driver info: org.openqa.selenium.chrome.ChromeDriver
Command: [d9aba91e5ad8a7b147ae3ead9c4a6eca, findElement {using=id, value=js-cart}]
Capabilities {acceptInsecureCerts: false, browserName: chrome, browserVersion: 103.0.5060.134, chrome: {chromedriverVersion: 103.0.5060.134 (8ec6fce403b..., userDataDir: C:\Users\ocak\AppData\Local...}, goog:chromeOptions: {debuggerAddress: localhost:51525}, networkConnectionEnabled: false, pageLoadStrategy: normal, platformName: WINDOWS, proxy: Proxy(), se:cdp: ws://localhost:51525/devtoo..., se:cdpVersion: 103.0.5060.134, setWindowRect: true, strictFileInteractability: false, timeouts: {implicit: 0, pageLoad: 300000, script: 30000}, unhandledPromptBehavior: dismiss and notify, webauthn:extension:credBlob: true, webauthn:extension:largeBlob: true, webauthn:virtualAuthenticators: true}
Session ID: d9aba91e5ad8a7b147ae3ead9c4a6eca 
2022-07-23 23:08:53,244 INFO  [Log] searchBook() is Successfull! 
2022-07-23 23:08:54,781 INFO  [Log] selectBook() is Successfull! 
2022-07-23 23:08:56,944 INFO  [Log] addBook() is Successfull! 
2022-07-23 23:09:06,961 INFO  [Log] goToBasket() is Successfull! 
2022-07-23 23:16:07,999 INFO  [Log] searchBook() is Successfull! 
2022-07-23 23:16:09,244 INFO  [Log] selectBook() is Successfull! 
2022-07-23 23:16:11,439 ERROR [Log] addBook() is Fail! --- Book count did not increase! ==> expected: <true> but was: <false> 
2022-07-23 23:16:13,536 ERROR [Log] goToBasket() is Fail! --- no such element: Unable to locate element: {"method":"css selector","selector":"#js\-cart"}
  (Session info: chrome=103.0.5060.134)
For documentation on this error, please visit: https://selenium.dev/exceptions/#no_such_element
Build info: version: '4.3.0', revision: 'a4995e2c09*'
System info: host: 'DESKTOP-I1ODVGB', ip: '192.168.1.42', os.name: 'Windows 10', os.arch: 'amd64', os.version: '10.0', java.version: '18.0.2'
Driver info: org.openqa.selenium.chrome.ChromeDriver
Command: [343492d6ae5c101bb9fd498cd6ff68a2, findElement {using=id, value=js-cart}]
Capabilities {acceptInsecureCerts: false, browserName: chrome, browserVersion: 103.0.5060.134, chrome: {chromedriverVersion: 103.0.5060.134 (8ec6fce403b..., userDataDir: C:\Users\ocak\AppData\Local...}, goog:chromeOptions: {debuggerAddress: localhost:51711}, networkConnectionEnabled: false, pageLoadStrategy: normal, platformName: WINDOWS, proxy: Proxy(), se:cdp: ws://localhost:51711/devtoo..., se:cdpVersion: 103.0.5060.134, setWindowRect: true, strictFileInteractability: false, timeouts: {implicit: 0, pageLoad: 300000, script: 30000}, unhandledPromptBehavior: dismiss and notify, webauthn:extension:credBlob: true, webauthn:extension:largeBlob: true, webauthn:virtualAuthenticators: true}
Session ID: 343492d6ae5c101bb9fd498cd6ff68a2 
2022-07-23 23:21:05,620 INFO  [Log] searchBook() is Successfull! 
2022-07-23 23:21:06,690 INFO  [Log] selectBook() is Successfull! 
2022-07-23 23:21:10,900 INFO  [Log] addBook() is Successfull! 
2022-07-23 23:21:20,957 INFO  [Log] goToBasket() is Successfull! 
2022-07-23 23:22:28,327 INFO  [Log] searchBook() is Successfull! 
2022-07-23 23:22:29,369 INFO  [Log] selectBook() is Successfull! 
2022-07-23 23:22:33,563 INFO  [Log] addBook() is Successfull! 
2022-07-23 23:22:43,509 INFO  [Log] goToBasket() is Successfull! 
2022-07-23 23:29:30,942 INFO  [Log] searchBook() is Successfull! 
2022-07-23 23:29:31,910 INFO  [Log] selectBook() is Successfull! 
2022-07-23 23:29:36,117 INFO  [Log] addBook() is Successfull! 
2022-07-23 23:29:46,130 INFO  [Log] goToBasket() is Successfull! 
2022-07-24 09:09:50,404 INFO  [Log] searchBook() is Successfull! 
2022-07-24 09:09:51,348 INFO  [Log] selectBook() is Successfull! 
2022-07-24 09:09:55,554 INFO  [Log] addBook() is Successfull! 
2022-07-24 09:10:05,525 INFO  [Log] goToBasket() is Successfull! 
2022-07-24 09:10:25,096 INFO  [Log] searchBook() is Successfull! 
2022-07-24 09:10:26,177 INFO  [Log] selectBook() is Successfull! 
2022-07-24 09:10:30,401 INFO  [Log] addBook() is Successfull! 
2022-07-24 09:10:40,455 INFO  [Log] goToBasket() is Successfull! 
2022-07-24 09:10:53,249 INFO  [Log] searchBook() is Successfull! 
2022-07-24 09:10:54,331 INFO  [Log] selectBook() is Successfull! 
2022-07-24 09:10:58,521 INFO  [Log] addBook() is Successfull! 
2022-07-24 09:11:08,487 INFO  [Log] goToBasket() is Successfull! 
2022-07-24 12:06:03,413 INFO  [Log] searchBook() is Successfull! 
2022-07-24 12:06:04,554 INFO  [Log] selectBook() is Successfull! 
2022-07-24 12:06:08,736 INFO  [Log] addBook() is Successfull! 
2022-07-24 12:06:18,864 INFO  [Log] goToBasket() is Successfull! 
